[debug] [2022-12-25T19:26:39.018Z] ----------------------------------------------------------------------
[debug] [2022-12-25T19:26:39.021Z] Command:       C:\Program Files\nodejs\node.exe C:\Users\User\AppData\Roaming\npm\node_modules\firebase-tools\lib\bin\firebase.js init
[debug] [2022-12-25T19:26:39.022Z] CLI Version:   11.19.0
[debug] [2022-12-25T19:26:39.022Z] Platform:      win32
[debug] [2022-12-25T19:26:39.022Z] Node Version:  v19.1.0
[debug] [2022-12-25T19:26:39.022Z] Time:          Sun Dec 25 2022 21:26:39 GMT+0200 (Восточная Европа, стандартное время)
[debug] [2022-12-25T19:26:39.022Z] ----------------------------------------------------------------------
[debug] 
[debug] [2022-12-25T19:26:39.031Z] > command requires scopes: ["email","openid","https://www.googleapis.com/auth/cloudplatformprojects.readonly","https://www.googleapis.com/auth/firebase","https://www.googleapis.com/auth/cloud-platform"]
[debug] [2022-12-25T19:26:39.031Z] > authorizing via signed-in user (karluk1999@mail.ru)
[info] 
     ######## #### ########  ######## ########     ###     ######  ########
     ##        ##  ##     ## ##       ##     ##  ##   ##  ##       ##
     ######    ##  ########  ######   ########  #########  ######  ######
     ##        ##  ##    ##  ##       ##     ## ##     ##       ## ##
     ##       #### ##     ## ######## ########  ##     ##  ######  ########

You're about to initialize a Firebase project in this directory:

  E:\WEB\practic\interior-design-react\interior-design

[info] 
=== Project Setup
[info] 
[info] First, let's associate this project directory with a Firebase project.
[info] You can create multiple project aliases by running firebase use --add, 
[info] but for now we'll just set up a default project.
[info] 
[debug] [2022-12-25T19:27:33.674Z] > refreshing access token with scopes: []
[debug] [2022-12-25T19:27:33.677Z] >>> [apiv2][query] POST https://www.googleapis.com/oauth2/v3/token [none]
[debug] [2022-12-25T19:27:33.677Z] >>> [apiv2][body] POST https://www.googleapis.com/oauth2/v3/token [omitted]
[debug] [2022-12-25T19:27:33.885Z] <<< [apiv2][status] POST https://www.googleapis.com/oauth2/v3/token 200
[debug] [2022-12-25T19:27:33.885Z] <<< [apiv2][body] POST https://www.googleapis.com/oauth2/v3/token [omitted]
[debug] [2022-12-25T19:27:33.900Z] >>> [apiv2][query] GET https://firebase.googleapis.com/v1beta1/projects pageSize=100
[debug] [2022-12-25T19:27:34.494Z] <<< [apiv2][status] GET https://firebase.googleapis.com/v1beta1/projects 200
[debug] [2022-12-25T19:27:34.494Z] <<< [apiv2][body] GET https://firebase.googleapis.com/v1beta1/projects [omitted]
[info] i  Using project archiweb-69d7d (ArchiWeb) 
[info] 
=== Hosting Setup
[info] 
[info] Your public directory is the folder (relative to your project directory) that
[info] will contain Hosting assets to be uploaded with firebase deploy. If you
[info] have a build process for your assets, use your build's output directory.
[info] 
